KCPSM6 Assembler log file for program 'C:\Users\grego\Projects\fpga\fpga_miner_rework\atom_proj\src\psm\core\core.psm'.
Generated by KCPSM6 version v2.70
Ken Chapman - Xilinx Ltd - 16th May 2014

Assembly datestamp: 11 Jul 2019
Assembly timestamp: 18:36:16

Contents
  Assembly listing
  List of PSM files
  List of CONSTANTs
  List of TABLEs
  List of STRINGs
  List of line labels
  Instruction usage statistics


Last occupied address: 000 hex
Nominal program memory size: 1K (1024)   address(9:0)
Actual memory size: 4096
  (Default memory size)
Occupied memory locations: 1
Memory locations available: 4095


Assembly listing

 Addr Code     Instruction

 000           CONSTANT ip_uart_data, 00000000'b
 000           CONSTANT ip_uart_status, 00000001'b
 000           CONSTANT ip_bram_parity, 00000010'b
 000           CONSTANT ip_bram_byte0, 00000100'b
 000           CONSTANT ip_bram_byte1, 00000101'b
 000           CONSTANT ip_bram_byte2, 00000110'b
 000           CONSTANT ip_bram_byte3, 00000111'b
 000           CONSTANT op_uart_data, 00000000'b
 000           CONSTANT op_bram_addr_byte0, 00000001'b
 000           CONSTANT op_bram_addr_byte1, 00000010'b
 000           CONSTANT op_parity_and_com, 00000011'b
 000           CONSTANT op_bram_data_byte0, 00000100'b
 000           CONSTANT op_bram_data_byte1, 00000101'b
 000           CONSTANT op_bram_data_byte2, 00000110'b
 000           CONSTANT op_bram_data_byte3, 00000111'b
 000           CONSTANT tx_bufd_pres, 00100000'b
 000           CONSTANT tx_bufd_half, 00010000'b
 000           CONSTANT tx_bufd_full, 00001000'b
 000           CONSTANT rx_bufd_pres, 00000100'b
 000           CONSTANT rx_bufd_half, 00000010'b
 000           CONSTANT rx_bufd_full, 00000001'b
 000           CONSTANT cmd_bram_we, 00010000'b
 000           CONSTANT cmd_reset_intf, 00100000'b
 000  00000    LOAD s0, s0


All unused memory locations contain zero (equivalent to 'LOAD s0, s0')



List of PSM files that have been assembled

C:\Users\grego\Projects\fpga\fpga_miner_rework\atom_proj\src\psm\core\core.psm



List of defined constants

 CONSTANT name      Value        Source PSM File

 timestamp_hours    18'd         
 timestamp_minutes  36'd         
 timestamp_seconds  16'd         
 datestamp_year     19'd         
 datestamp_month    7'd          
 datestamp_day      11'd         
 NUL                00           
 BEL                07           
 BS                 08           
 HT                 09           
 LF                 0A           
 VT                 0B           
 CR                 0D           
 ESC                1B           
 DEL                7F           
 DCS                90           
 ST                 9C           
 ip_uart_data       00000000'b   core.psm
 ip_uart_status     00000001'b   core.psm
 ip_bram_parity     00000010'b   core.psm
 ip_bram_byte0      00000100'b   core.psm
 ip_bram_byte1      00000101'b   core.psm
 ip_bram_byte2      00000110'b   core.psm
 ip_bram_byte3      00000111'b   core.psm
 op_uart_data       00000000'b   core.psm
 op_bram_addr_byte0 00000001'b   core.psm
 op_bram_addr_byte1 00000010'b   core.psm
 op_parity_and_com  00000011'b   core.psm
 op_bram_data_byte0 00000100'b   core.psm
 op_bram_data_byte1 00000101'b   core.psm
 op_bram_data_byte2 00000110'b   core.psm
 op_bram_data_byte3 00000111'b   core.psm
 tx_bufd_pres       00100000'b   core.psm
 tx_bufd_half       00010000'b   core.psm
 tx_bufd_full       00001000'b   core.psm
 rx_bufd_pres       00000100'b   core.psm
 rx_bufd_half       00000010'b   core.psm
 rx_bufd_full       00000001'b   core.psm
 cmd_bram_we        00010000'b   core.psm
 cmd_reset_intf     00100000'b   core.psm



No TABLEs defined



List of text strings

 STRING name       String         Source PSM File

 KCPSM6_version$   "v2.70"        
 datestamp$        "11 Jul 2019"  
 timestamp$        "18:36:16"     



List of line labels

   Label    Addr  Source PSM File




Instruction usage statistics

 Instruction    Instances

 LOAD              1
 STAR              -

 AND               -
 OR                -
 XOR               -

 ADD               -
 ADDCY             -
 SUB               -
 SUBCY             -

 TEST              -
 TESTCY            -
 COMPARE           -
 COMPARECY         -

 SL0               -
 SL1               -
 SLX               -
 SLA               -
 RL                -
 SR0               -
 SR1               -
 SRX               -
 SRA               -
 RR                -

 REGBANK           -

 INPUT             -
 OUTPUT            -
 OUTPUTK           -

 STORE             -
 FETCH             -

 DISABLE           -
 ENABLE            -
 RETURNI           -

 JUMP              -
 JUMP@             -
 CALL              -
 CALL@             -
 RETURN            -
 LOAD&RETURN       -

 HWBUILD           -



End of KCPSM6 log file.
