KCPSM6 Assembler log file for program 'C:\Users\grego\Projects\fpga\fpga_miner_rework\atom_proj\src\psm\main\main.psm'.
Generated by KCPSM6 version v2.70
Ken Chapman - Xilinx Ltd - 16th May 2014

Assembly datestamp: 11 Jul 2019
Assembly timestamp: 18:42:07

Contents
  Assembly listing
  List of PSM files
  List of CONSTANTs
  List of TABLEs
  List of STRINGs
  List of line labels
  Instruction usage statistics


Last occupied address: 00B hex
Nominal program memory size: 1K (1024)   address(9:0)
Actual memory size: 4096
  (Default memory size)
Occupied memory locations: 12
Memory locations available: 4084


Assembly listing

 Addr Code                   Instruction

 000                         CONSTANT ip_uart_data, 00000000'b
 000                         CONSTANT ip_uart_status, 00000001'b
 000                         CONSTANT op_uart_data, 00000000'b
 000                         CONSTANT tx_bufd_pres, 00100000'b
 000                         CONSTANT tx_bufd_half, 00010000'b
 000                         CONSTANT tx_bufd_full, 00001000'b
 000                         CONSTANT rx_bufd_pres, 00000100'b
 000                         CONSTANT rx_bufd_half, 00000010'b
 000                         CONSTANT rx_bufd_full, 00000001'b
 000                   main: 
 000  20002                  CALL 002[recv_uart_data]
 001  20007                  CALL 007[send_uart_data]
 002         recv_uart_data: 
 002  09001                  INPUT s0, 01[ip_uart_status]
 003  03004                  AND s0, 04[rx_bufd_pres]
 004  32002                  JUMP Z, 002[recv_uart_data]
 005  09100                  INPUT s1, 00[ip_uart_data]
 006  25000                  RETURN 
 007         send_uart_data: 
 007  09001                  INPUT s0, 01[ip_uart_status]
 008  03008                  AND s0, 08[tx_bufd_full]
 009  36007                  JUMP NZ, 007[send_uart_data]
 00A  2D100                  OUTPUT s1, 00[op_uart_data]
 00B  25000                  RETURN 


All unused memory locations contain zero (equivalent to 'LOAD s0, s0')



List of PSM files that have been assembled

C:\Users\grego\Projects\fpga\fpga_miner_rework\atom_proj\src\psm\main\main.psm



List of defined constants

 CONSTANT name     Value        Source PSM File

 timestamp_hours   18'd         
 timestamp_minutes 42'd         
 timestamp_seconds 07'd         
 datestamp_year    19'd         
 datestamp_month   7'd          
 datestamp_day     11'd         
 NUL               00           
 BEL               07           
 BS                08           
 HT                09           
 LF                0A           
 VT                0B           
 CR                0D           
 ESC               1B           
 DEL               7F           
 DCS               90           
 ST                9C           
 ip_uart_data      00000000'b   main.psm
 ip_uart_status    00000001'b   main.psm
 op_uart_data      00000000'b   main.psm
 tx_bufd_pres      00100000'b   main.psm
 tx_bufd_half      00010000'b   main.psm
 tx_bufd_full      00001000'b   main.psm
 rx_bufd_pres      00000100'b   main.psm
 rx_bufd_half      00000010'b   main.psm
 rx_bufd_full      00000001'b   main.psm



No TABLEs defined



List of text strings

 STRING name       String         Source PSM File

 KCPSM6_version$   "v2.70"        
 datestamp$        "11 Jul 2019"  
 timestamp$        "18:42:07"     



List of line labels

   Label            Addr  Source PSM File

 * main             000   main.psm
   recv_uart_data   002   main.psm
   send_uart_data   007   main.psm

      * Line label has not been referenced in any instructions.
        Hint - This may indicate unused code that could be
               removed to reduce the size of this program.



Instruction usage statistics

 Instruction    Instances

 LOAD              -
 STAR              -

 AND               2
 OR                -
 XOR               -

 ADD               -
 ADDCY             -
 SUB               -
 SUBCY             -

 TEST              -
 TESTCY            -
 COMPARE           -
 COMPARECY         -

 SL0               -
 SL1               -
 SLX               -
 SLA               -
 RL                -
 SR0               -
 SR1               -
 SRX               -
 SRA               -
 RR                -

 REGBANK           -

 INPUT             3
 OUTPUT            1
 OUTPUTK           -

 STORE             -
 FETCH             -

 DISABLE           -
 ENABLE            -
 RETURNI           -

 JUMP              2
 JUMP@             -
 CALL              2
 CALL@             -
 RETURN            2
 LOAD&RETURN       -

 HWBUILD           -



End of KCPSM6 log file.
